Arguments: 
  C:\Program Files\nodejs\node.exe C:\Users\hform\AppData\Roaming\npm\node_modules\yarn\bin\yarn.js install

PATH: 
  F:\Projects\eat-x-away\node_modules\.bin;C:\Windows\system32;C:\Windows;C:\Windows\System32\Wbem;C:\Windows\System32\WindowsPowerShell\v1.0\;C:\Windows\System32\OpenSSH\;C:\Program Files\nodejs\;C:\flutter\bin;C:\Program Files\Git\cmd;C:\Users\hform\AppData\Local\Microsoft\WindowsApps;C:\Users\hform\AppData\Roaming\npm;C:\sdk\flutter\bin;C:\Users\hform\AppData\Local\Programs\Microsoft VS Code\bin;C:\flutter\bin;

Yarn version: 
  1.22.10

Node version: 
  12.18.3

Platform: 
  win32 x64

Trace: 
  Error: getaddrinfo ENOTFOUND registry.yarnpkg.com
      at GetAddrInfoReqWrap.onlookup [as oncomplete] (dns.js:66:26)

npm manifest: 
  {
    "main": "node_modules/expo/AppEntry.js",
    "scripts": {
      "start": "expo start",
      "android": "expo start --android",
      "ios": "expo start --ios",
      "web": "expo start --web",
      "eject": "expo eject",
      "test": "jest --watchAll"
    },
    "jest": {
      "preset": "jest-expo"
    },
    "dependencies": {
      "@eva-design/eva": "^2.0.0",
      "@expo/vector-icons": "^12.0.0",
      "@react-native-community/masked-view": "0.1.10",
      "@react-native-community/picker": "^1.8.1",
      "@react-native-community/slider": "^3.0.3",
      "@react-navigation/bottom-tabs": "^5.11.1",
      "@react-navigation/native": "^5.8.9",
      "@react-navigation/stack": "^5.12.6",
      "expo": "~40.0.0",
      "expo-asset": "~8.2.1",
      "expo-constants": "~9.3.0",
      "expo-font": "~8.4.0",
      "expo-linear-gradient": "~8.4.0",
      "expo-linking": "~2.0.0",
      "expo-localization": "~9.1.0",
      "expo-location": "~10.0.0",
      "expo-splash-screen": "~0.8.0",
      "expo-status-bar": "~1.0.3",
      "expo-web-browser": "~8.6.0",
      "firebase": "7.9.0",
      "i18n-js": "^3.8.0",
      "native-base": "^2.15.2",
      "react": "16.13.1",
      "react-dom": "16.13.1",
      "react-native": "https://github.com/expo/react-native/archive/sdk-40.0.1.tar.gz",
      "react-native-gesture-handler": "~1.8.0",
      "react-native-keyboard-aware-scroll-view": "^0.9.3",
      "react-native-safe-area-context": "3.1.9",
      "react-native-screens": "~2.15.0",
      "react-native-svg": "^12.1.0",
      "react-native-text-input-mask": "^2.0.0",
      "react-native-web": "~0.13.12"
    },
    "devDependencies": {
      "@babel/core": "~7.9.0",
      "@types/react": "~16.9.35",
      "@types/react-native": "~0.63.2",
      "jest-expo": "~40.0.0",
      "typescript": "~4.0.0"
    },
    "private": true
  }

yarn manifest: 
  No manifest

Lockfile: 
  No lockfile
